Watching for file changes with StatReloader
Not Found: /
"GET / HTTP/1.1" 404 2307
"GET /hw1 HTTP/1.1" 301 0
Главная страница была посещена.
"GET /hw1/ HTTP/1.1" 200 270
"GET /hw1/about HTTP/1.1" 301 0
Страница 'О себе' была посещена.
"GET /hw1/about/ HTTP/1.1" 200 239
Watching for file changes with StatReloader
Not Found: /hw3app/client/1/orders/
"GET /hw3app/client/1/orders/ HTTP/1.1" 404 2688
Not Found: /hw3/client/1/orders/
"GET /hw3/client/1/orders/ HTTP/1.1" 404 2532
Not Found: /hw3
"GET /hw3 HTTP/1.1" 404 2628
Not Found: /hw3/
"GET /hw3/ HTTP/1.1" 404 2484
Not Found: /hw3/client/1/orders/
"GET /hw3/client/1/orders/ HTTP/1.1" 404 2532
Not Found: /hw3/client/1/orders/
"GET /hw3/client/1/orders/ HTTP/1.1" 404 2532
Not Found: /hw3/client/1/orders/
"GET /hw3/client/1/orders/ HTTP/1.1" 404 2532
Not Found: /hw3/client/1/orders/
"GET /hw3/client/1/orders/ HTTP/1.1" 404 2532
Not Found: /hw3/client/1/orders/
"GET /hw3/client/1/orders/ HTTP/1.1" 404 2532
Not Found: /hw3/client/1/orders/
"GET /hw3/client/1/orders/ HTTP/1.1" 404 2532
Not Found: /hw3/client/1/orders/
"GET /hw3/client/1/orders/ HTTP/1.1" 404 2532
Not Found: /hw3/client/1/orders/
"GET /hw3/client/1/orders/ HTTP/1.1" 404 2532
Not Found: /hw3/client/1/orders/
"GET /hw3/client/1/orders/ HTTP/1.1" 404 2532
Not Found: /hw3/client/1/orders/
"GET /hw3/client/1/orders/ HTTP/1.1" 404 2532
Not Found: /hw3/client/1/orders/
"GET /hw3/client/1/orders/ HTTP/1.1" 404 2532
Not Found: /hw3/client/1/orders/
"GET /hw3/client/1/orders/ HTTP/1.1" 404 2532
Not Found: /hw3/client/1/orders/
"GET /hw3/client/1/orders/ HTTP/1.1" 404 2532
Not Found: /hw3/client/1/orders/
"GET /hw3/client/1/orders/ HTTP/1.1" 404 2532
Not Found: /hw3/client/1/orders/
"GET /hw3/client/1/orders/ HTTP/1.1" 404 2532
Not Found: /hw3/client/1/orders/
"GET /hw3/client/1/orders/ HTTP/1.1" 404 2532
Not Found: /hw3/client/1/orders/
"GET /hw3/client/1/orders/ HTTP/1.1" 404 2532
Not Found: /hw3/client/1/orders/
"GET /hw3/client/1/orders/ HTTP/1.1" 404 2532
Not Found: /hw3/client/1/orders/
"GET /hw3/client/1/orders/ HTTP/1.1" 404 2532
Not Found: /hw3/client/1/orders/
"GET /hw3/client/1/orders/ HTTP/1.1" 404 2532
Not Found: /hw3/client/1/orders/
"GET /hw3/client/1/orders/ HTTP/1.1" 404 2532
Not Found: /hw3/client/1/orders/
"GET /hw3/client/1/orders/ HTTP/1.1" 404 2532
Not Found: /hw3/client/1/orders/
"GET /hw3/client/1/orders/ HTTP/1.1" 404 2532
Not Found: /hw3/client/1/orders/
"GET /hw3/client/1/orders/ HTTP/1.1" 404 2532
Not Found: /hw3/client/1/orders/
"GET /hw3/client/1/orders/ HTTP/1.1" 404 2532
Not Found: /hw3/client/1/orders/
"GET /hw3/client/1/orders/ HTTP/1.1" 404 2532
Not Found: /hw3/client/1/orders/
"GET /hw3/client/1/orders/ HTTP/1.1" 404 2532
Not Found: /hw3/client/1/orders/
"GET /hw3/client/1/orders/ HTTP/1.1" 404 2532
Not Found: /hw3/client/1/orders/
"GET /hw3/client/1/orders/ HTTP/1.1" 404 2532
Not Found: /hw3/client/1/orders/
"GET /hw3/client/1/orders/ HTTP/1.1" 404 2532
Not Found: /hw3/client/1/orders/
"GET /hw3/client/1/orders/ HTTP/1.1" 404 2532
Not Found: /hw3/client/1/orders/
"GET /hw3/client/1/orders/ HTTP/1.1" 404 2532
Not Found: /hw3/client/1/orders/
"GET /hw3/client/1/orders/ HTTP/1.1" 404 2532
Not Found: /hw3/client/1/orders/
"GET /hw3/client/1/orders/ HTTP/1.1" 404 2532
Not Found: /hw3/client/1/orders/
"GET /hw3/client/1/orders/ HTTP/1.1" 404 2532
Not Found: /hw3/client/1/orders/
"GET /hw3/client/1/orders/ HTTP/1.1" 404 2532
Not Found: /hw3/client/1/orders/
"GET /hw3/client/1/orders/ HTTP/1.1" 404 2532
Not Found: /hw3/client/1/orders/
"GET /hw3/client/1/orders/ HTTP/1.1" 404 2532
Not Found: /hw3/client/1/orders/
"GET /hw3/client/1/orders/ HTTP/1.1" 404 2532
Not Found: /hw3/client/1/orders/
"GET /hw3/client/1/orders/ HTTP/1.1" 404 2532
Not Found: /hw3/client/1/orders/
"GET /hw3/client/1/orders/ HTTP/1.1" 404 2532
Not Found: /hw3/client/1/orders/
"GET /hw3/client/1/orders/ HTTP/1.1" 404 2532
Not Found: /hw3/client/1/orders/
"GET /hw3/client/1/orders/ HTTP/1.1" 404 2532
Not Found: /hw3/client/1/orders/
"GET /hw3/client/1/orders/ HTTP/1.1" 404 2532
Not Found: /hw3/client/1/orders/
"GET /hw3/client/1/orders/ HTTP/1.1" 404 2532
Not Found: /hw3/client/1/orders/
"GET /hw3/client/1/orders/ HTTP/1.1" 404 2532
Not Found: /hw3/client/1/orders/
"GET /hw3/client/1/orders/ HTTP/1.1" 404 2532
Not Found: /hw3/client/1/orders/
"GET /hw3/client/1/orders/ HTTP/1.1" 404 2532
Not Found: /hw3/client/1/orders/
"GET /hw3/client/1/orders/ HTTP/1.1" 404 2532
Not Found: /hw3/client/1/orders/
"GET /hw3/client/1/orders/ HTTP/1.1" 404 2532
Not Found: /hw3/client/1/orders/
"GET /hw3/client/1/orders/ HTTP/1.1" 404 2532
Not Found: /hw3/client/1/orders/
"GET /hw3/client/1/orders/ HTTP/1.1" 404 2532
Not Found: /hw3/client/1/orders/
"GET /hw3/client/1/orders/ HTTP/1.1" 404 2532
Not Found: /hw3/client/1/orders/
"GET /hw3/client/1/orders/ HTTP/1.1" 404 2532
Not Found: /hw3/client/1/orders/
"GET /hw3/client/1/orders/ HTTP/1.1" 404 2532
Not Found: /hw3/client/1/orders/
"GET /hw3/client/1/orders/ HTTP/1.1" 404 2532
Not Found: /hw3/client/1/orders/
"GET /hw3/client/1/orders/ HTTP/1.1" 404 2532
Not Found: /hw3/client/1/orders/
"GET /hw3/client/1/orders/ HTTP/1.1" 404 2532
Not Found: /hw3/client/1/orders/
"GET /hw3/client/1/orders/ HTTP/1.1" 404 2532
Not Found: /hw3/client/1/orders/
"GET /hw3/client/1/orders/ HTTP/1.1" 404 2532
Not Found: /hw3/client/1/orders/
"GET /hw3/client/1/orders/ HTTP/1.1" 404 2532
Not Found: /hw3/client/1/orders/
"GET /hw3/client/1/orders/ HTTP/1.1" 404 2532
Not Found: /hw3/client/1/orders/
"GET /hw3/client/1/orders/ HTTP/1.1" 404 2532
Not Found: /hw3/client/1/orders/
"GET /hw3/client/1/orders/ HTTP/1.1" 404 2532
Not Found: /hw3/client/1/orders/
"GET /hw3/client/1/orders/ HTTP/1.1" 404 2532
Not Found: /hw3/client/1/orders/
"GET /hw3/client/1/orders/ HTTP/1.1" 404 2532
Not Found: /hw3/client/1/orders/
"GET /hw3/client/1/orders/ HTTP/1.1" 404 2532
Not Found: /hw3/client/1/orders/
"GET /hw3/client/1/orders/ HTTP/1.1" 404 2532
Not Found: /hw3/client/1/orders/
"GET /hw3/client/1/orders/ HTTP/1.1" 404 2532
Not Found: /hw3/client/1/orders/
"GET /hw3/client/1/orders/ HTTP/1.1" 404 2532
Not Found: /hw3/client/1/orders/
"GET /hw3/client/1/orders/ HTTP/1.1" 404 2532
Not Found: /hw3/client/1/orders/
"GET /hw3/client/1/orders/ HTTP/1.1" 404 2532
Not Found: /hw3/client/1/orders/
"GET /hw3/client/1/orders/ HTTP/1.1" 404 2532
Not Found: /hw3/client/1/orders/
"GET /hw3/client/1/orders/ HTTP/1.1" 404 2532
Not Found: /hw3/client/1/orders/
"GET /hw3/client/1/orders/ HTTP/1.1" 404 2532
Not Found: /hw3/client/1/orders/
"GET /hw3/client/1/orders/ HTTP/1.1" 404 2532
Not Found: /hw3/client/1/orders/
"GET /hw3/client/1/orders/ HTTP/1.1" 404 2532
Not Found: /hw3/client/1/orders/
"GET /hw3/client/1/orders/ HTTP/1.1" 404 2532
Not Found: /hw3/client/1/orders/
"GET /hw3/client/1/orders/ HTTP/1.1" 404 2532
Not Found: /hw3/client/1/orders/
"GET /hw3/client/1/orders/ HTTP/1.1" 404 2532
Not Found: /hw3/client/1/orders/
"GET /hw3/client/1/orders/ HTTP/1.1" 404 2532
Not Found: /hw3/client/1/orders/
"GET /hw3/client/1/orders/ HTTP/1.1" 404 2532
Watching for file changes with StatReloader
Not Found: /hw3/client/1/orders/
"GET /hw3/client/1/orders/ HTTP/1.1" 404 2532
Not Found: /hw3/client/1/orders/
"GET /hw3/client/1/orders/ HTTP/1.1" 404 2532
C:\Users\Nitro V15\PycharmProjects\Django_HW\django_HW\django_HW\urls.py changed, reloading.
Watching for file changes with StatReloader
"GET /hw3/client/1/orders/ HTTP/1.1" 200 6
"GET /hw3/client/1/orders/ HTTP/1.1" 200 6
C:\Users\Nitro V15\PycharmProjects\Django_HW\django_HW\hw3app\views.py changed, reloading.
Watching for file changes with StatReloader
"GET /hw3/client/1/orders/ HTTP/1.1" 200 1575
Watching for file changes with StatReloader
"GET /hw3/client/1/orders/ HTTP/1.1" 200 2631
Watching for file changes with StatReloader
Internal Server Error: /hw3/client/1/ordered-products/
Traceback (most recent call last):
  File "C:\Users\Nitro V15\PycharmProjects\Django_HW\.venv\Lib\site-packages\django\core\handlers\exception.py", line 55, in inner
    response = get_response(request)
               ^^^^^^^^^^^^^^^^^^^^^
  File "C:\Users\Nitro V15\PycharmProjects\Django_HW\.venv\Lib\site-packages\django\core\handlers\base.py", line 197, in _get_response
    response = wrapped_callback(request, *callback_args, **callback_kwargs)
               ^^^^^^^^^^^^^^^^^^^^^^^^^^^^^^^^^^^^^^^^^^^^^^^^^^^^^^^^^^^^
  File "C:\Users\Nitro V15\PycharmProjects\Django_HW\django_HW\hw3app\views.py", line 136, in client_ordered_products
    return render(request, 'client_ordered_products.html', context)
           ^^^^^^^^^^^^^^^^^^^^^^^^^^^^^^^^^^^^^^^^^^^^^^^^^^^^^^^^
  File "C:\Users\Nitro V15\PycharmProjects\Django_HW\.venv\Lib\site-packages\django\shortcuts.py", line 25, in render
    content = loader.render_to_string(template_name, context, request, using=using)
              ^^^^^^^^^^^^^^^^^^^^^^^^^^^^^^^^^^^^^^^^^^^^^^^^^^^^^^^^^^^^^^^^^^^^^
  File "C:\Users\Nitro V15\PycharmProjects\Django_HW\.venv\Lib\site-packages\django\template\loader.py", line 61, in render_to_string
    template = get_template(template_name, using=using)
               ^^^^^^^^^^^^^^^^^^^^^^^^^^^^^^^^^^^^^^^^
  File "C:\Users\Nitro V15\PycharmProjects\Django_HW\.venv\Lib\site-packages\django\template\loader.py", line 19, in get_template
    raise TemplateDoesNotExist(template_name, chain=chain)
django.template.exceptions.TemplateDoesNotExist: client_ordered_products.html
"GET /hw3/client/1/ordered-products/ HTTP/1.1" 500 85808
Internal Server Error: /hw3/client/1/ordered-products/
Traceback (most recent call last):
  File "C:\Users\Nitro V15\PycharmProjects\Django_HW\.venv\Lib\site-packages\django\core\handlers\exception.py", line 55, in inner
    response = get_response(request)
               ^^^^^^^^^^^^^^^^^^^^^
  File "C:\Users\Nitro V15\PycharmProjects\Django_HW\.venv\Lib\site-packages\django\core\handlers\base.py", line 197, in _get_response
    response = wrapped_callback(request, *callback_args, **callback_kwargs)
               ^^^^^^^^^^^^^^^^^^^^^^^^^^^^^^^^^^^^^^^^^^^^^^^^^^^^^^^^^^^^
  File "C:\Users\Nitro V15\PycharmProjects\Django_HW\django_HW\hw3app\views.py", line 136, in client_ordered_products
    return render(request, 'client_ordered_products.html', context)
           ^^^^^^^^^^^^^^^^^^^^^^^^^^^^^^^^^^^^^^^^^^^^^^^^^^^^^^^^
  File "C:\Users\Nitro V15\PycharmProjects\Django_HW\.venv\Lib\site-packages\django\shortcuts.py", line 25, in render
    content = loader.render_to_string(template_name, context, request, using=using)
              ^^^^^^^^^^^^^^^^^^^^^^^^^^^^^^^^^^^^^^^^^^^^^^^^^^^^^^^^^^^^^^^^^^^^^
  File "C:\Users\Nitro V15\PycharmProjects\Django_HW\.venv\Lib\site-packages\django\template\loader.py", line 61, in render_to_string
    template = get_template(template_name, using=using)
               ^^^^^^^^^^^^^^^^^^^^^^^^^^^^^^^^^^^^^^^^
  File "C:\Users\Nitro V15\PycharmProjects\Django_HW\.venv\Lib\site-packages\django\template\loader.py", line 19, in get_template
    raise TemplateDoesNotExist(template_name, chain=chain)
django.template.exceptions.TemplateDoesNotExist: client_ordered_products.html
"GET /hw3/client/1/ordered-products/ HTTP/1.1" 500 85808
Internal Server Error: /hw3/client/1/ordered-products/
Traceback (most recent call last):
  File "C:\Users\Nitro V15\PycharmProjects\Django_HW\.venv\Lib\site-packages\django\core\handlers\exception.py", line 55, in inner
    response = get_response(request)
               ^^^^^^^^^^^^^^^^^^^^^
  File "C:\Users\Nitro V15\PycharmProjects\Django_HW\.venv\Lib\site-packages\django\core\handlers\base.py", line 197, in _get_response
    response = wrapped_callback(request, *callback_args, **callback_kwargs)
               ^^^^^^^^^^^^^^^^^^^^^^^^^^^^^^^^^^^^^^^^^^^^^^^^^^^^^^^^^^^^
  File "C:\Users\Nitro V15\PycharmProjects\Django_HW\django_HW\hw3app\views.py", line 136, in client_ordered_products
    return render(request, 'client_ordered_products.html', context)
           ^^^^^^^^^^^^^^^^^^^^^^^^^^^^^^^^^^^^^^^^^^^^^^^^^^^^^^^^
  File "C:\Users\Nitro V15\PycharmProjects\Django_HW\.venv\Lib\site-packages\django\shortcuts.py", line 25, in render
    content = loader.render_to_string(template_name, context, request, using=using)
              ^^^^^^^^^^^^^^^^^^^^^^^^^^^^^^^^^^^^^^^^^^^^^^^^^^^^^^^^^^^^^^^^^^^^^
  File "C:\Users\Nitro V15\PycharmProjects\Django_HW\.venv\Lib\site-packages\django\template\loader.py", line 61, in render_to_string
    template = get_template(template_name, using=using)
               ^^^^^^^^^^^^^^^^^^^^^^^^^^^^^^^^^^^^^^^^
  File "C:\Users\Nitro V15\PycharmProjects\Django_HW\.venv\Lib\site-packages\django\template\loader.py", line 19, in get_template
    raise TemplateDoesNotExist(template_name, chain=chain)
django.template.exceptions.TemplateDoesNotExist: client_ordered_products.html
"GET /hw3/client/1/ordered-products/ HTTP/1.1" 500 85808
"GET /hw3/client/1/ordered-products/ HTTP/1.1" 200 1018
Watching for file changes with StatReloader
Not Found: /hw4/product
"GET /hw4/product HTTP/1.1" 404 3262
Not Found: /hw4/product
"GET /hw4/product HTTP/1.1" 404 3262
Watching for file changes with StatReloader
Not Found: /
"GET / HTTP/1.1" 404 2748
Not Found: /hw4
"GET /hw4 HTTP/1.1" 404 2775
Not Found: /hw4/product
"GET /hw4/product HTTP/1.1" 404 3262
Watching for file changes with StatReloader
Not Found: /
"GET / HTTP/1.1" 404 3064
Not Found: /favicon.ico
"GET /favicon.ico HTTP/1.1" 404 3115
"GET /admin/ HTTP/1.1" 302 0
"GET /admin/login/?next=/admin/ HTTP/1.1" 200 4160
"GET /static/admin/css/dark_mode.css HTTP/1.1" 200 2804
"GET /static/admin/css/base.css HTTP/1.1" 200 22092
"GET /static/admin/js/theme.js HTTP/1.1" 200 1653
"GET /static/admin/js/nav_sidebar.js HTTP/1.1" 200 3063
"GET /static/admin/css/login.css HTTP/1.1" 200 951
"GET /static/admin/css/nav_sidebar.css HTTP/1.1" 200 2810
"GET /static/admin/css/responsive.css HTTP/1.1" 200 17972
"POST /admin/login/?next=/admin/ HTTP/1.1" 302 0
"GET /admin/ HTTP/1.1" 200 7847
"GET /static/admin/css/dashboard.css HTTP/1.1" 200 441
"GET /static/admin/img/icon-changelink.svg HTTP/1.1" 200 380
"GET /static/admin/img/icon-addlink.svg HTTP/1.1" 200 331
"GET /admin/hw5app/client/ HTTP/1.1" 200 10009
"GET /static/admin/css/changelists.css HTTP/1.1" 200 6878
"GET /static/admin/js/admin/RelatedObjectLookups.js HTTP/1.1" 200 9097
"GET /static/admin/js/jquery.init.js HTTP/1.1" 200 347
"GET /static/admin/js/core.js HTTP/1.1" 200 6208
"GET /static/admin/js/urlify.js HTTP/1.1" 200 7887
"GET /static/admin/js/actions.js HTTP/1.1" 200 8076
"GET /static/admin/js/prepopulate.js HTTP/1.1" 200 1531
"GET /admin/jsi18n/ HTTP/1.1" 200 3342
"GET /static/admin/img/search.svg HTTP/1.1" 200 458
"GET /static/admin/js/vendor/jquery/jquery.js HTTP/1.1" 200 285314
"GET /static/admin/js/vendor/xregexp/xregexp.js HTTP/1.1" 200 325171
"GET /static/admin/js/filters.js HTTP/1.1" 200 978
"GET /static/admin/img/tooltag-add.svg HTTP/1.1" 200 331
"GET /static/admin/img/icon-viewlink.svg HTTP/1.1" 200 581
"GET /admin/hw5app/order/ HTTP/1.1" 200 8623
"GET /admin/jsi18n/ HTTP/1.1" 200 3342
"GET /admin/hw5app/product/ HTTP/1.1" 200 8637
"GET /admin/jsi18n/ HTTP/1.1" 200 3342
"GET /admin/hw5app/order/ HTTP/1.1" 200 8623
"GET /admin/jsi18n/ HTTP/1.1" 200 3342
"GET /admin/hw5app/client/ HTTP/1.1" 200 10009
"GET /admin/jsi18n/ HTTP/1.1" 200 3342
"GET /admin/hw5app/order/ HTTP/1.1" 200 8623
"GET /admin/jsi18n/ HTTP/1.1" 200 3342
"GET /admin/hw5app/product/ HTTP/1.1" 200 8637
"GET /admin/jsi18n/ HTTP/1.1" 200 3342
"GET /admin/hw5app/order/ HTTP/1.1" 200 8623
"GET /admin/jsi18n/ HTTP/1.1" 200 3342
"GET /admin/hw5app/client/ HTTP/1.1" 200 10009
"GET /admin/jsi18n/ HTTP/1.1" 200 3342
C:\Users\Nitro V15\PycharmProjects\Django_HW\django_HW\hw5app\admin.py changed, reloading.
Watching for file changes with StatReloader
C:\Users\Nitro V15\PycharmProjects\Django_HW\django_HW\hw5app\admin.py changed, reloading.
Watching for file changes with StatReloader
